[0.721s] Invoking command in '/home/guy/ros2_ws/build/pubsub_node': CMAKE_PREFIX_PATH=/opt/ros/humble /usr/bin/cmake --build /home/guy/ros2_ws/build/pubsub_node -- -j6 -l6
[0.810s] -- Found ament_cmake: 1.3.11 (/opt/ros/humble/share/ament_cmake/cmake)
[1.262s] -- Found rclcpp: 16.0.12 (/opt/ros/humble/share/rclcpp/cmake)
[1.335s] -- Found rosidl_generator_c: 3.1.6 (/opt/ros/humble/share/rosidl_generator_c/cmake)
[1.343s] -- Found rosidl_adapter: 3.1.6 (/opt/ros/humble/share/rosidl_adapter/cmake)
[1.358s] -- Found rosidl_generator_cpp: 3.1.6 (/opt/ros/humble/share/rosidl_generator_cpp/cmake)
[1.380s] -- Using all available rosidl_typesupport_c: rosidl_typesupport_fastrtps_c;rosidl_typesupport_introspection_c
[1.410s] -- Using all available rosidl_typesupport_cpp: rosidl_typesupport_fastrtps_cpp;rosidl_typesupport_introspection_cpp
[1.565s] -- Found rmw_implementation_cmake: 6.1.2 (/opt/ros/humble/share/rmw_implementation_cmake/cmake)
[1.569s] -- Found rmw_fastrtps_cpp: 6.2.7 (/opt/ros/humble/share/rmw_fastrtps_cpp/cmake)
[1.924s] -- Found OpenSSL: /usr/lib/aarch64-linux-gnu/libcrypto.so (found version "3.0.2")  
[1.998s] -- Found FastRTPS: /opt/ros/humble/include  
[2.079s] -- Using RMW implementation 'rmw_fastrtps_cpp' as default
[2.095s] -- Looking for pthread.h
[2.248s] -- Looking for pthread.h - found
[2.249s] -- Performing Test CMAKE_HAVE_LIBC_PTHREAD
[2.401s] -- Performing Test CMAKE_HAVE_LIBC_PTHREAD - Success
[2.401s] -- Found Threads: TRUE  
[2.497s] -- Found ament_lint_auto: 0.12.12 (/opt/ros/humble/share/ament_lint_auto/cmake)
[2.654s] -- Added test 'cppcheck' to perform static code analysis on C / C++ code
[2.654s] -- Configured cppcheck include dirs: 
[2.655s] -- Configured cppcheck exclude dirs and/or files: 
[2.655s] -- Added test 'lint_cmake' to check CMake code style
[2.657s] -- Added test 'uncrustify' to check C / C++ code style
[2.657s] -- Configured uncrustify additional arguments: 
[2.657s] -- Added test 'xmllint' to check XML markup files
[2.659s] -- Configuring done
[2.680s] -- Generating done
[2.688s] -- Build files have been written to: /home/guy/ros2_ws/build/pubsub_node
[2.765s] [ 50%] [32mBuilding CXX object CMakeFiles/minimal_pubsub.dir/src/main.cpp.o[0m
[2.789s] [01m[K/home/guy/ros2_ws/src/pubsub_node/src/main.cpp:1:10:[m[K [01;31m[Kfatal error: [m[Kminimal_publisher.hpp: No such file or directory
[2.789s]     1 | #include [01;31m[K"minimal_publisher.hpp"[m[K
[2.790s]       |          [01;31m[K^~~~~~~~~~~~~~~~~~~~~~~[m[K
[2.790s] compilation terminated.
[2.843s] gmake[2]: *** [CMakeFiles/minimal_pubsub.dir/build.make:76: CMakeFiles/minimal_pubsub.dir/src/main.cpp.o] Error 1
[2.844s] gmake[1]: *** [CMakeFiles/Makefile2:137: CMakeFiles/minimal_pubsub.dir/all] Error 2
[2.844s] gmake: *** [Makefile:146: all] Error 2
[2.848s] Invoked command in '/home/guy/ros2_ws/build/pubsub_node' returned '2': CMAKE_PREFIX_PATH=/opt/ros/humble /usr/bin/cmake --build /home/guy/ros2_ws/build/pubsub_node -- -j6 -l6
