[ 50%] [32mBuilding CXX object CMakeFiles/minimal_pubsub.dir/src/main.cpp.o[0m
[01m[K/home/guy/ros2_ws/src/pubsub_node/src/main.cpp:1:10:[m[K [01;31m[Kfatal error: [m[Kminimal_publisher.hpp: No such file or directory
    1 | #include [01;31m[K"minimal_publisher.hpp"[m[K
      |          [01;31m[K^~~~~~~~~~~~~~~~~~~~~~~[m[K
compilation terminated.
gmake[2]: *** [CMakeFiles/minimal_pubsub.dir/build.make:76: CMakeFiles/minimal_pubsub.dir/src/main.cpp.o] Error 1
gmake[1]: *** [CMakeFiles/Makefile2:137: CMakeFiles/minimal_pubsub.dir/all] Error 2
gmake: *** [Makefile:146: all] Error 2
