[0.092s] Invoking command in '/home/guy/ros2_ws/build/pubsub_node': CMAKE_PREFIX_PATH=/opt/ros/humble /usr/bin/cmake --build /home/guy/ros2_ws/build/pubsub_node -- -j6 -l6
[0.402s] [ 50%] [32mBuilding CXX object CMakeFiles/minimal_pubsub.dir/src/main.cpp.o[0m
[0.452s] [01m[K/home/guy/ros2_ws/src/pubsub_node/src/main.cpp:1:10:[m[K [01;31m[Kfatal error: [m[Kminimal_publisher.hpp: No such file or directory
[0.452s]     1 | #include [01;31m[K"minimal_publisher.hpp"[m[K
[0.452s]       |          [01;31m[K^~~~~~~~~~~~~~~~~~~~~~~[m[K
[0.452s] compilation terminated.
[0.465s] gmake[2]: *** [CMakeFiles/minimal_pubsub.dir/build.make:76: CMakeFiles/minimal_pubsub.dir/src/main.cpp.o] Error 1
[0.465s] gmake[1]: *** [CMakeFiles/Makefile2:137: CMakeFiles/minimal_pubsub.dir/all] Error 2
[0.465s] gmake: *** [Makefile:146: all] Error 2
[0.475s] Invoked command in '/home/guy/ros2_ws/build/pubsub_node' returned '2': CMAKE_PREFIX_PATH=/opt/ros/humble /usr/bin/cmake --build /home/guy/ros2_ws/build/pubsub_node -- -j6 -l6
